Using pre-set license
Built from '2020.3/staging' branch; Version is '2020.3.19f1 (68f137dc9bbe) revision 6877495'; Using compiler version '192528614'; Build Type 'Release'
OS: 'Windows 10 Home; OS build 19043.1288; Version 2009; 64bit' Language: 'es' Physical Memory: 8034 MB
BatchMode: 1, IsHumanControllingUs: 0, StartBugReporterOnCrash: 0, Is64bit: 1, IsPro: 0

COMMAND LINE ARGUMENTS:
D:\Unity\Unity Hub\Editor\2020.3.19f1\Editor\Unity.exe
-adb2
-batchMode
-noUpm
-name
AssetImportWorker1
-projectPath
D:/UnityProjects/TrabajoEntrega
-logFile
Logs/AssetImportWorker1.log
-srvPort
63087
Successfully changed project path to: D:/UnityProjects/TrabajoEntrega
D:/UnityProjects/TrabajoEntrega
Using Asset Import Pipeline V2.
Refreshing native plugins compatible for Editor in 59.21 ms, found 3 plugins.
Preloading 0 native plugins for Editor in 0.00 ms.
Initialize engine version: 2020.3.19f1 (68f137dc9bbe)
[Subsystems] Discovering subsystems at path D:/Unity/Unity Hub/Editor/2020.3.19f1/Editor/Data/Resources/UnitySubsystems
[Subsystems] Discovering subsystems at path D:/UnityProjects/TrabajoEntrega/Assets
GfxDevice: creating device client; threaded=0
Direct3D:
    Version:  Direct3D 11.0 [level 11.1]
    Renderer: NVIDIA GeForce GTX 1050 (ID=0x1c8d)
    Vendor:   
    VRAM:     4029 MB
    Driver:   23.21.13.8873
Initialize mono
Mono path[0] = 'D:/Unity/Unity Hub/Editor/2020.3.19f1/Editor/Data/Managed'
Mono path[1] = 'D:/Unity/Unity Hub/Editor/2020.3.19f1/Editor/Data/MonoBleedingEdge/lib/mono/unityjit'
Mono config path = 'D:/Unity/Unity Hub/Editor/2020.3.19f1/Editor/Data/MonoBleedingEdge/etc'
Using monoOptions --debugger-agent=transport=dt_socket,embedding=1,server=y,suspend=n,address=127.0.0.1:56676
Begin MonoManager ReloadAssembly
Registering precompiled unity dll's ...
Register platform support module: D:/Unity/Unity Hub/Editor/2020.3.19f1/Editor/Data/PlaybackEngines/WebGLSupport/UnityEditor.WebGL.Extensions.dll
Register platform support module: D:/Unity/Unity Hub/Editor/2020.3.19f1/Editor/Data/PlaybackEngines/WindowsStandaloneSupport/UnityEditor.WindowsStandalone.Extensions.dll
Registered in 0.008441 seconds.
Native extension for WindowsStandalone target not found
Native extension for WebGL target not found
Refreshing native plugins compatible for Editor in 61.84 ms, found 3 plugins.
Preloading 0 native plugins for Editor in 0.00 ms.
Mono: successfully reloaded assembly
- Completed reload, in  2.426 seconds
Domain Reload Profiling:
	ReloadAssembly (2428ms)
		BeginReloadAssembly (80ms)
			ExecutionOrderSort (0ms)
			DisableScriptedObjects (0ms)
			BackupInstance (0ms)
			ReleaseScriptingObjects (0ms)
			CreateAndSetChildDomain (1ms)
		EndReloadAssembly (517ms)
			LoadAssemblies (74ms)
			RebuildTransferFunctionScriptingTraits (0ms)
			SetupTypeCache (152ms)
			ReleaseScriptCaches (0ms)
			RebuildScriptCaches (30ms)
			SetupLoadedEditorAssemblies (245ms)
				LogAssemblyErrors (0ms)
				InitializePlatformSupportModulesInManaged (8ms)
				SetLoadedEditorAssemblies (0ms)
				RefreshPlugins (64ms)
				BeforeProcessingInitializeOnLoad (23ms)
				ProcessInitializeOnLoadAttributes (110ms)
				ProcessInitializeOnLoadMethodAttributes (39ms)
				AfterProcessingInitializeOnLoad (0ms)
				EditorAssembliesLoaded (0ms)
			ExecutionOrderSort2 (0ms)
			AwakeInstancesAfterBackupRestoration (0ms)
Platform modules already initialized, skipping
Registering precompiled user dll's ...
Registered in 0.008825 seconds.
Begin MonoManager ReloadAssembly
Native extension for WindowsStandalone target not found
Native extension for WebGL target not found
Refreshing native plugins compatible for Editor in 50.07 ms, found 3 plugins.
Preloading 0 native plugins for Editor in 0.00 ms.
Mono: successfully reloaded assembly
- Completed reload, in  1.381 seconds
Domain Reload Profiling:
	ReloadAssembly (1384ms)
		BeginReloadAssembly (170ms)
			ExecutionOrderSort (0ms)
			DisableScriptedObjects (5ms)
			BackupInstance (0ms)
			ReleaseScriptingObjects (0ms)
			CreateAndSetChildDomain (33ms)
		EndReloadAssembly (1138ms)
			LoadAssemblies (120ms)
			RebuildTransferFunctionScriptingTraits (0ms)
			SetupTypeCache (350ms)
			ReleaseScriptCaches (0ms)
			RebuildScriptCaches (54ms)
			SetupLoadedEditorAssemblies (494ms)
				LogAssemblyErrors (0ms)
				InitializePlatformSupportModulesInManaged (8ms)
				SetLoadedEditorAssemblies (0ms)
				RefreshPlugins (51ms)
				BeforeProcessingInitializeOnLoad (105ms)
				ProcessInitializeOnLoadAttributes (302ms)
				ProcessInitializeOnLoadMethodAttributes (11ms)
				AfterProcessingInitializeOnLoad (17ms)
				EditorAssembliesLoaded (0ms)
			ExecutionOrderSort2 (0ms)
			AwakeInstancesAfterBackupRestoration (6ms)
Platform modules already initialized, skipping
========================================================================
Worker process is ready to serve import requests
Launched and connected shader compiler UnityShaderCompiler.exe after 0.22 seconds
Refreshing native plugins compatible for Editor in 0.54 ms, found 3 plugins.
Preloading 0 native plugins for Editor in 0.00 ms.
Unloading 2385 Unused Serialized files (Serialized files now loaded: 0)
System memory in use before: 110.7 MB.
System memory in use after: 110.5 MB.

Unloading 29 unused Assets to reduce memory usage. Loaded Objects now: 2832.
Total: 3.646400 ms (FindLiveObjects: 0.390500 ms CreateObjectMapping: 0.246100 ms MarkObjects: 2.728600 ms  DeleteObjects: 0.280200 ms)

AssetImportParameters requested are different than current active one (requested -> active):
  custom:framework-win-MediaFoundation: 216162199b28c13a410421893ffa2e32 -> 
  custom:video-decoder-ogg-theora: a1e56fd34408186e4bbccfd4996cb3dc -> 
  custom:container-muxer-webm: aa71ff27fc2769a1b78a27578f13a17b -> 
  custom:container-demuxer-webm: 4f35f7cbe854078d1ac9338744f61a02 -> 
  custom:container-demuxer-ogg: 62fdf1f143b41e24485cea50d1cbac27 -> 
  custom:video-encoder-webm-vp8: eb34c28f22e8b96e1ab97ce403110664 -> 
  custom:video-codec-MediaFoundation-h265: 746d11721c4dcdbdad8f713fa42b33f4 -> 
  custom:video-decoder-webm-vp8: 9c59270c3fd7afecdb556c50c9e8de78 -> 
  custom:audio-decoder-ogg-vorbis: bf7c407c2cedff20999df2af8eb42d56 -> 
  custom:audio-encoder-webm-vorbis: bf7c407c2cedff20999df2af8eb42d56 -> 
========================================================================
Received Import Request.
  path: Assets/MyPrefabs/Enemies_and_Obstacles/Enemy.prefab
  artifactKey: Guid(40a001c43f4b6914d8861fbd07596559) Importer(815301076,1909f56bfc062723c751e8b465ee728b)
Start importing Assets/MyPrefabs/Enemies_and_Obstacles/Enemy.prefab using Guid(40a001c43f4b6914d8861fbd07596559) Importer(815301076,1909f56bfc062723c751e8b465ee728b)  -> (artifact id: '3cf881846d768e637abaedb7fe6b21a7') in 0.121427 seconds 
  Import took 0.171770 seconds .

========================================================================
Received Import Request.
  Time since last request: 0.003559 seconds.
  path: Assets/MyPrefabs/Enemies_and_Obstacles/Obstacle.prefab
  artifactKey: Guid(b39061caa1fe11e42bdab3dd6b92cee4) Importer(815301076,1909f56bfc062723c751e8b465ee728b)
Start importing Assets/MyPrefabs/Enemies_and_Obstacles/Obstacle.prefab using Guid(b39061caa1fe11e42bdab3dd6b92cee4) Importer(815301076,1909f56bfc062723c751e8b465ee728b)  -> (artifact id: '22705a5ea87ffed3416e89246e1ffaa6') in 0.011723 seconds 
  Import took 0.111249 seconds .

========================================================================
Received Import Request.
  Time since last request: 11.744360 seconds.
  path: Assets/MyPrefabs/Enemies_and_Obstacles/Obstacle.prefab
  artifactKey: Guid(b39061caa1fe11e42bdab3dd6b92cee4) Importer(815301076,1909f56bfc062723c751e8b465ee728b)
Start importing Assets/MyPrefabs/Enemies_and_Obstacles/Obstacle.prefab using Guid(b39061caa1fe11e42bdab3dd6b92cee4) Importer(815301076,1909f56bfc062723c751e8b465ee728b)  -> (artifact id: 'fe98042aecbe246e1f73fe9fbcb704e6') in 0.267169 seconds 
  Import took 0.343998 seconds .

========================================================================
Received Import Request.
  Time since last request: 14.306894 seconds.
  path: Assets/MyPrefabs/Enemies_and_Obstacles/Obstacle.prefab
  artifactKey: Guid(b39061caa1fe11e42bdab3dd6b92cee4) Importer(815301076,1909f56bfc062723c751e8b465ee728b)
Start importing Assets/MyPrefabs/Enemies_and_Obstacles/Obstacle.prefab using Guid(b39061caa1fe11e42bdab3dd6b92cee4) Importer(815301076,1909f56bfc062723c751e8b465ee728b)  -> (artifact id: 'b7e27c2946b5f6fb0d7249857f6acf0d') in 0.017380 seconds 
  Import took 0.074873 seconds .

========================================================================
Received Import Request.
  Time since last request: 31.295958 seconds.
  path: Assets/MyPrefabs/Enemies_and_Obstacles/Obstacle.prefab
  artifactKey: Guid(b39061caa1fe11e42bdab3dd6b92cee4) Importer(815301076,1909f56bfc062723c751e8b465ee728b)
Start importing Assets/MyPrefabs/Enemies_and_Obstacles/Obstacle.prefab using Guid(b39061caa1fe11e42bdab3dd6b92cee4) Importer(815301076,1909f56bfc062723c751e8b465ee728b)  -> (artifact id: '20914c3d9db8f1e3a02e58fe2629be9b') in 0.010549 seconds 
  Import took 0.087717 seconds .

========================================================================
Received Import Request.
  Time since last request: 9.802428 seconds.
  path: Assets/MyPrefabs/Enemies_and_Obstacles/Obstacle.prefab
  artifactKey: Guid(b39061caa1fe11e42bdab3dd6b92cee4) Importer(815301076,1909f56bfc062723c751e8b465ee728b)
Start importing Assets/MyPrefabs/Enemies_and_Obstacles/Obstacle.prefab using Guid(b39061caa1fe11e42bdab3dd6b92cee4) Importer(815301076,1909f56bfc062723c751e8b465ee728b)  -> (artifact id: 'fd03b1394e98567b2f7edeba8a10356c') in 0.010520 seconds 
  Import took 0.101811 seconds .

========================================================================
Received Import Request.
  Time since last request: 5.685053 seconds.
  path: Assets/MyPrefabs/Enemies_and_Obstacles/Obstacle.prefab
  artifactKey: Guid(b39061caa1fe11e42bdab3dd6b92cee4) Importer(815301076,1909f56bfc062723c751e8b465ee728b)
Start importing Assets/MyPrefabs/Enemies_and_Obstacles/Obstacle.prefab using Guid(b39061caa1fe11e42bdab3dd6b92cee4) Importer(815301076,1909f56bfc062723c751e8b465ee728b)  -> (artifact id: '883243acce5bc8c96f8a118ae8cfad5d') in 0.010748 seconds 
  Import took 0.036059 seconds .

========================================================================
Received Import Request.
  Time since last request: 6.524524 seconds.
  path: Assets/MyPrefabs/Enemies_and_Obstacles/Obstacle.prefab
  artifactKey: Guid(b39061caa1fe11e42bdab3dd6b92cee4) Importer(815301076,1909f56bfc062723c751e8b465ee728b)
Start importing Assets/MyPrefabs/Enemies_and_Obstacles/Obstacle.prefab using Guid(b39061caa1fe11e42bdab3dd6b92cee4) Importer(815301076,1909f56bfc062723c751e8b465ee728b)  -> (artifact id: '17e8120274177000bfad9e6060bd395c') in 0.008436 seconds 
  Import took 0.091638 seconds .

========================================================================
Received Import Request.
  Time since last request: 1.538337 seconds.
  path: Assets/MyPrefabs/Enemies_and_Obstacles/Obstacle.prefab
  artifactKey: Guid(b39061caa1fe11e42bdab3dd6b92cee4) Importer(815301076,1909f56bfc062723c751e8b465ee728b)
Start importing Assets/MyPrefabs/Enemies_and_Obstacles/Obstacle.prefab using Guid(b39061caa1fe11e42bdab3dd6b92cee4) Importer(815301076,1909f56bfc062723c751e8b465ee728b)  -> (artifact id: '4c724588069dfb4edc2371391e1c41a3') in 0.008759 seconds 
  Import took 0.045311 seconds .

========================================================================
Received Import Request.
  Time since last request: 8.540578 seconds.
  path: Assets/MyPrefabs/Enemies_and_Obstacles/Obstacle.prefab
  artifactKey: Guid(b39061caa1fe11e42bdab3dd6b92cee4) Importer(815301076,1909f56bfc062723c751e8b465ee728b)
Start importing Assets/MyPrefabs/Enemies_and_Obstacles/Obstacle.prefab using Guid(b39061caa1fe11e42bdab3dd6b92cee4) Importer(815301076,1909f56bfc062723c751e8b465ee728b)  -> (artifact id: 'e041bd6a40936b45054448210dc0512f') in 0.010386 seconds 
  Import took 0.072076 seconds .

========================================================================
Received Import Request.
  Time since last request: 2.718437 seconds.
  path: Assets/MyPrefabs/Enemies_and_Obstacles/Obstacle.prefab
  artifactKey: Guid(b39061caa1fe11e42bdab3dd6b92cee4) Importer(815301076,1909f56bfc062723c751e8b465ee728b)
Start importing Assets/MyPrefabs/Enemies_and_Obstacles/Obstacle.prefab using Guid(b39061caa1fe11e42bdab3dd6b92cee4) Importer(815301076,1909f56bfc062723c751e8b465ee728b)  -> (artifact id: '909c56cc54c05a1661a2e343d0594424') in 0.010476 seconds 
  Import took 0.182616 seconds .

========================================================================
Received Import Request.
  Time since last request: 9.159944 seconds.
  path: Assets/MyPrefabs/Enemies_and_Obstacles/Obstacle.prefab
  artifactKey: Guid(b39061caa1fe11e42bdab3dd6b92cee4) Importer(815301076,1909f56bfc062723c751e8b465ee728b)
Start importing Assets/MyPrefabs/Enemies_and_Obstacles/Obstacle.prefab using Guid(b39061caa1fe11e42bdab3dd6b92cee4) Importer(815301076,1909f56bfc062723c751e8b465ee728b)  -> (artifact id: '8eaf9fc4905f9aa865e3a604dc962b9e') in 0.008994 seconds 
  Import took 0.051083 seconds .

========================================================================
Received Import Request.
  Time since last request: 4.742791 seconds.
  path: Assets/MyPrefabs/Enemies_and_Obstacles/Obstacle.prefab
  artifactKey: Guid(b39061caa1fe11e42bdab3dd6b92cee4) Importer(815301076,1909f56bfc062723c751e8b465ee728b)
Start importing Assets/MyPrefabs/Enemies_and_Obstacles/Obstacle.prefab using Guid(b39061caa1fe11e42bdab3dd6b92cee4) Importer(815301076,1909f56bfc062723c751e8b465ee728b)  -> (artifact id: '59b5d130d54409d8381dbd5c4604644c') in 0.011756 seconds 
  Import took 0.083548 seconds .

========================================================================
Received Import Request.
  Time since last request: 5.038785 seconds.
  path: Assets/MyPrefabs/Enemies_and_Obstacles/Obstacle.prefab
  artifactKey: Guid(b39061caa1fe11e42bdab3dd6b92cee4) Importer(815301076,1909f56bfc062723c751e8b465ee728b)
Start importing Assets/MyPrefabs/Enemies_and_Obstacles/Obstacle.prefab using Guid(b39061caa1fe11e42bdab3dd6b92cee4) Importer(815301076,1909f56bfc062723c751e8b465ee728b)  -> (artifact id: 'cc7cf9755486ca0ae40a7a316769dd87') in 0.020590 seconds 
  Import took 0.057083 seconds .

========================================================================
Received Import Request.
  Time since last request: 38.701583 seconds.
  path: Assets/MyScripts/ObstacleScript.cs
  artifactKey: Guid(e50cc213b75afc44094d67be099dec8c) Importer(815301076,1909f56bfc062723c751e8b465ee728b)
Start importing Assets/MyScripts/ObstacleScript.cs using Guid(e50cc213b75afc44094d67be099dec8c) Importer(815301076,1909f56bfc062723c751e8b465ee728b)  -> (artifact id: 'ea38dc768cb57f4e0c66d369c3a01ead') in 0.016712 seconds 
  Import took 0.155649 seconds .

========================================================================
Received Prepare
Registering precompiled user dll's ...
Registered in 0.007972 seconds.
Begin MonoManager ReloadAssembly
Native extension for WindowsStandalone target not found
Native extension for WebGL target not found
Refreshing native plugins compatible for Editor in 0.57 ms, found 3 plugins.
Preloading 0 native plugins for Editor in 0.00 ms.
Mono: successfully reloaded assembly
- Completed reload, in  1.453 seconds
Domain Reload Profiling:
	ReloadAssembly (1454ms)
		BeginReloadAssembly (202ms)
			ExecutionOrderSort (0ms)
			DisableScriptedObjects (11ms)
			BackupInstance (0ms)
			ReleaseScriptingObjects (0ms)
			CreateAndSetChildDomain (51ms)
		EndReloadAssembly (1139ms)
			LoadAssemblies (158ms)
			RebuildTransferFunctionScriptingTraits (0ms)
			SetupTypeCache (428ms)
			ReleaseScriptCaches (1ms)
			RebuildScriptCaches (54ms)
			SetupLoadedEditorAssemblies (371ms)
				LogAssemblyErrors (0ms)
				InitializePlatformSupportModulesInManaged (10ms)
				SetLoadedEditorAssemblies (0ms)
				RefreshPlugins (1ms)
				BeforeProcessingInitializeOnLoad (120ms)
				ProcessInitializeOnLoadAttributes (217ms)
				ProcessInitializeOnLoadMethodAttributes (5ms)
				AfterProcessingInitializeOnLoad (18ms)
				EditorAssembliesLoaded (0ms)
			ExecutionOrderSort2 (0ms)
			AwakeInstancesAfterBackupRestoration (10ms)
Platform modules already initialized, skipping
Refreshing native plugins compatible for Editor in 0.52 ms, found 3 plugins.
Preloading 0 native plugins for Editor in 0.00 ms.
Unloading 2355 Unused Serialized files (Serialized files now loaded: 0)
System memory in use before: 111.1 MB.
System memory in use after: 111.0 MB.

Unloading 17 unused Assets to reduce memory usage. Loaded Objects now: 2843.
Total: 3.694100 ms (FindLiveObjects: 0.255900 ms CreateObjectMapping: 0.101700 ms MarkObjects: 3.084900 ms  DeleteObjects: 0.250600 ms)

AssetImportParameters requested are different than current active one (requested -> active):
  custom:framework-win-MediaFoundation: 216162199b28c13a410421893ffa2e32 -> 
  custom:video-decoder-ogg-theora: a1e56fd34408186e4bbccfd4996cb3dc -> 
  custom:container-muxer-webm: aa71ff27fc2769a1b78a27578f13a17b -> 
  custom:container-demuxer-webm: 4f35f7cbe854078d1ac9338744f61a02 -> 
  custom:container-demuxer-ogg: 62fdf1f143b41e24485cea50d1cbac27 -> 
  custom:video-encoder-webm-vp8: eb34c28f22e8b96e1ab97ce403110664 -> 
  custom:video-codec-MediaFoundation-h265: 746d11721c4dcdbdad8f713fa42b33f4 -> 
  custom:video-decoder-webm-vp8: 9c59270c3fd7afecdb556c50c9e8de78 -> 
  custom:audio-decoder-ogg-vorbis: bf7c407c2cedff20999df2af8eb42d56 -> 
  custom:audio-encoder-webm-vorbis: bf7c407c2cedff20999df2af8eb42d56 -> 
========================================================================
Received Import Request.
  Time since last request: 157.490408 seconds.
  path: Assets/MyScripts/MovingPlatform.cs
  artifactKey: Guid(5aba15a8377550d46b6ce9fc691f8945) Importer(815301076,1909f56bfc062723c751e8b465ee728b)
Start importing Assets/MyScripts/MovingPlatform.cs using Guid(5aba15a8377550d46b6ce9fc691f8945) Importer(815301076,1909f56bfc062723c751e8b465ee728b)  -> (artifact id: 'ba9a3040e8e18e67620aa6cf55fa352b') in 0.012736 seconds 
  Import took 0.088552 seconds .

========================================================================
Received Prepare
Registering precompiled user dll's ...
Registered in 0.006183 seconds.
Begin MonoManager ReloadAssembly
Native extension for WindowsStandalone target not found
Native extension for WebGL target not found
Refreshing native plugins compatible for Editor in 0.50 ms, found 3 plugins.
Preloading 0 native plugins for Editor in 0.00 ms.
Mono: successfully reloaded assembly
- Completed reload, in  1.106 seconds
Domain Reload Profiling:
	ReloadAssembly (1106ms)
		BeginReloadAssembly (135ms)
			ExecutionOrderSort (0ms)
			DisableScriptedObjects (6ms)
			BackupInstance (0ms)
			ReleaseScriptingObjects (0ms)
			CreateAndSetChildDomain (35ms)
		EndReloadAssembly (874ms)
			LoadAssemblies (118ms)
			RebuildTransferFunctionScriptingTraits (0ms)
			SetupTypeCache (282ms)
			ReleaseScriptCaches (1ms)
			RebuildScriptCaches (42ms)
			SetupLoadedEditorAssemblies (333ms)
				LogAssemblyErrors (0ms)
				InitializePlatformSupportModulesInManaged (7ms)
				SetLoadedEditorAssemblies (0ms)
				RefreshPlugins (1ms)
				BeforeProcessingInitializeOnLoad (101ms)
				ProcessInitializeOnLoadAttributes (200ms)
				ProcessInitializeOnLoadMethodAttributes (5ms)
				AfterProcessingInitializeOnLoad (19ms)
				EditorAssembliesLoaded (0ms)
			ExecutionOrderSort2 (0ms)
			AwakeInstancesAfterBackupRestoration (12ms)
Platform modules already initialized, skipping
Refreshing native plugins compatible for Editor in 0.51 ms, found 3 plugins.
Preloading 0 native plugins for Editor in 0.00 ms.
Unloading 2355 Unused Serialized files (Serialized files now loaded: 0)
System memory in use before: 111.2 MB.
System memory in use after: 111.0 MB.

Unloading 17 unused Assets to reduce memory usage. Loaded Objects now: 2846.
Total: 3.257600 ms (FindLiveObjects: 0.229400 ms CreateObjectMapping: 0.099200 ms MarkObjects: 2.635300 ms  DeleteObjects: 0.292800 ms)

AssetImportParameters requested are different than current active one (requested -> active):
  custom:framework-win-MediaFoundation: 216162199b28c13a410421893ffa2e32 -> 
  custom:video-decoder-ogg-theora: a1e56fd34408186e4bbccfd4996cb3dc -> 
  custom:container-muxer-webm: aa71ff27fc2769a1b78a27578f13a17b -> 
  custom:container-demuxer-webm: 4f35f7cbe854078d1ac9338744f61a02 -> 
  custom:container-demuxer-ogg: 62fdf1f143b41e24485cea50d1cbac27 -> 
  custom:video-encoder-webm-vp8: eb34c28f22e8b96e1ab97ce403110664 -> 
  custom:video-codec-MediaFoundation-h265: 746d11721c4dcdbdad8f713fa42b33f4 -> 
  custom:video-decoder-webm-vp8: 9c59270c3fd7afecdb556c50c9e8de78 -> 
  custom:audio-decoder-ogg-vorbis: bf7c407c2cedff20999df2af8eb42d56 -> 
  custom:audio-encoder-webm-vorbis: bf7c407c2cedff20999df2af8eb42d56 -> 
========================================================================
Received Prepare
Registering precompiled user dll's ...
Registered in 0.008440 seconds.
Begin MonoManager ReloadAssembly
Native extension for WindowsStandalone target not found
Native extension for WebGL target not found
Refreshing native plugins compatible for Editor in 0.55 ms, found 3 plugins.
Preloading 0 native plugins for Editor in 0.00 ms.
Mono: successfully reloaded assembly
- Completed reload, in  1.174 seconds
Domain Reload Profiling:
	ReloadAssembly (1175ms)
		BeginReloadAssembly (140ms)
			ExecutionOrderSort (0ms)
			DisableScriptedObjects (6ms)
			BackupInstance (0ms)
			ReleaseScriptingObjects (0ms)
			CreateAndSetChildDomain (34ms)
		EndReloadAssembly (953ms)
			LoadAssemblies (119ms)
			RebuildTransferFunctionScriptingTraits (0ms)
			SetupTypeCache (308ms)
			ReleaseScriptCaches (2ms)
			RebuildScriptCaches (55ms)
			SetupLoadedEditorAssemblies (367ms)
				LogAssemblyErrors (0ms)
				InitializePlatformSupportModulesInManaged (8ms)
				SetLoadedEditorAssemblies (0ms)
				RefreshPlugins (1ms)
				BeforeProcessingInitializeOnLoad (118ms)
				ProcessInitializeOnLoadAttributes (216ms)
				ProcessInitializeOnLoadMethodAttributes (5ms)
				AfterProcessingInitializeOnLoad (18ms)
				EditorAssembliesLoaded (0ms)
			ExecutionOrderSort2 (0ms)
			AwakeInstancesAfterBackupRestoration (9ms)
Platform modules already initialized, skipping
Refreshing native plugins compatible for Editor in 0.55 ms, found 3 plugins.
Preloading 0 native plugins for Editor in 0.00 ms.
Unloading 2355 Unused Serialized files (Serialized files now loaded: 0)
System memory in use before: 111.2 MB.
System memory in use after: 111.1 MB.

Unloading 17 unused Assets to reduce memory usage. Loaded Objects now: 2849.
Total: 3.197700 ms (FindLiveObjects: 0.226900 ms CreateObjectMapping: 0.106100 ms MarkObjects: 2.590300 ms  DeleteObjects: 0.273600 ms)

AssetImportParameters requested are different than current active one (requested -> active):
  custom:framework-win-MediaFoundation: 216162199b28c13a410421893ffa2e32 -> 
  custom:video-decoder-ogg-theora: a1e56fd34408186e4bbccfd4996cb3dc -> 
  custom:container-muxer-webm: aa71ff27fc2769a1b78a27578f13a17b -> 
  custom:container-demuxer-webm: 4f35f7cbe854078d1ac9338744f61a02 -> 
  custom:container-demuxer-ogg: 62fdf1f143b41e24485cea50d1cbac27 -> 
  custom:video-encoder-webm-vp8: eb34c28f22e8b96e1ab97ce403110664 -> 
  custom:video-codec-MediaFoundation-h265: 746d11721c4dcdbdad8f713fa42b33f4 -> 
  custom:video-decoder-webm-vp8: 9c59270c3fd7afecdb556c50c9e8de78 -> 
  custom:audio-decoder-ogg-vorbis: bf7c407c2cedff20999df2af8eb42d56 -> 
  custom:audio-encoder-webm-vorbis: bf7c407c2cedff20999df2af8eb42d56 -> 
========================================================================
Received Prepare
Registering precompiled user dll's ...
Registered in 0.006033 seconds.
Begin MonoManager ReloadAssembly
Native extension for WindowsStandalone target not found
Native extension for WebGL target not found
Refreshing native plugins compatible for Editor in 0.54 ms, found 3 plugins.
Preloading 0 native plugins for Editor in 0.00 ms.
Mono: successfully reloaded assembly
- Completed reload, in  1.153 seconds
Domain Reload Profiling:
	ReloadAssembly (1154ms)
		BeginReloadAssembly (144ms)
			ExecutionOrderSort (0ms)
			DisableScriptedObjects (6ms)
			BackupInstance (0ms)
			ReleaseScriptingObjects (0ms)
			CreateAndSetChildDomain (36ms)
		EndReloadAssembly (921ms)
			LoadAssemblies (125ms)
			RebuildTransferFunctionScriptingTraits (0ms)
			SetupTypeCache (306ms)
			ReleaseScriptCaches (1ms)
			RebuildScriptCaches (44ms)
			SetupLoadedEditorAssemblies (340ms)
				LogAssemblyErrors (0ms)
				InitializePlatformSupportModulesInManaged (7ms)
				SetLoadedEditorAssemblies (0ms)
				RefreshPlugins (1ms)
				BeforeProcessingInitializeOnLoad (111ms)
				ProcessInitializeOnLoadAttributes (199ms)
				ProcessInitializeOnLoadMethodAttributes (5ms)
				AfterProcessingInitializeOnLoad (16ms)
				EditorAssembliesLoaded (0ms)
			ExecutionOrderSort2 (0ms)
			AwakeInstancesAfterBackupRestoration (10ms)
Platform modules already initialized, skipping
Refreshing native plugins compatible for Editor in 0.53 ms, found 3 plugins.
Preloading 0 native plugins for Editor in 0.00 ms.
Unloading 2355 Unused Serialized files (Serialized files now loaded: 0)
System memory in use before: 111.2 MB.
System memory in use after: 111.1 MB.

Unloading 17 unused Assets to reduce memory usage. Loaded Objects now: 2852.
Total: 3.752500 ms (FindLiveObjects: 0.237200 ms CreateObjectMapping: 0.095900 ms MarkObjects: 3.122800 ms  DeleteObjects: 0.295800 ms)

AssetImportParameters requested are different than current active one (requested -> active):
  custom:framework-win-MediaFoundation: 216162199b28c13a410421893ffa2e32 -> 
  custom:video-decoder-ogg-theora: a1e56fd34408186e4bbccfd4996cb3dc -> 
  custom:container-muxer-webm: aa71ff27fc2769a1b78a27578f13a17b -> 
  custom:container-demuxer-webm: 4f35f7cbe854078d1ac9338744f61a02 -> 
  custom:container-demuxer-ogg: 62fdf1f143b41e24485cea50d1cbac27 -> 
  custom:video-encoder-webm-vp8: eb34c28f22e8b96e1ab97ce403110664 -> 
  custom:video-codec-MediaFoundation-h265: 746d11721c4dcdbdad8f713fa42b33f4 -> 
  custom:video-decoder-webm-vp8: 9c59270c3fd7afecdb556c50c9e8de78 -> 
  custom:audio-decoder-ogg-vorbis: bf7c407c2cedff20999df2af8eb42d56 -> 
  custom:audio-encoder-webm-vorbis: bf7c407c2cedff20999df2af8eb42d56 -> 
========================================================================
Received Import Request.
  Time since last request: 615.617225 seconds.
  path: Assets/MyPrefabs/Enemies_and_Obstacles
  artifactKey: Guid(1132faf97c4758349a96d18bfc99bb20) Importer(815301076,1909f56bfc062723c751e8b465ee728b)
Start importing Assets/MyPrefabs/Enemies_and_Obstacles using Guid(1132faf97c4758349a96d18bfc99bb20) Importer(815301076,1909f56bfc062723c751e8b465ee728b)  -> (artifact id: 'c550c545ce15f8060a5258a1be88b92b') in 0.011715 seconds 
  Import took 0.158664 seconds .

========================================================================
Received Import Request.
  Time since last request: 0.000593 seconds.
  path: Assets/MyPrefabs/Enemies_and_Obstacles/Obstacle.prefab
  artifactKey: Guid(b39061caa1fe11e42bdab3dd6b92cee4) Importer(815301076,1909f56bfc062723c751e8b465ee728b)
Start importing Assets/MyPrefabs/Enemies_and_Obstacles/Obstacle.prefab using Guid(b39061caa1fe11e42bdab3dd6b92cee4) Importer(815301076,1909f56bfc062723c751e8b465ee728b)  -> (artifact id: 'f1cbb55c63d5236b36cfd597975c48c2') in 0.065081 seconds 
  Import took 0.309874 seconds .

========================================================================
Received Prepare
Registering precompiled user dll's ...
Registered in 0.006192 seconds.
Begin MonoManager ReloadAssembly
Native extension for WindowsStandalone target not found
Native extension for WebGL target not found
Refreshing native plugins compatible for Editor in 0.67 ms, found 3 plugins.
Preloading 0 native plugins for Editor in 0.00 ms.
Mono: successfully reloaded assembly
- Completed reload, in  1.179 seconds
Domain Reload Profiling:
	ReloadAssembly (1179ms)
		BeginReloadAssembly (146ms)
			ExecutionOrderSort (0ms)
			DisableScriptedObjects (6ms)
			BackupInstance (0ms)
			ReleaseScriptingObjects (0ms)
			CreateAndSetChildDomain (39ms)
		EndReloadAssembly (959ms)
			LoadAssemblies (119ms)
			RebuildTransferFunctionScriptingTraits (0ms)
			SetupTypeCache (327ms)
			ReleaseScriptCaches (1ms)
			RebuildScriptCaches (47ms)
			SetupLoadedEditorAssemblies (353ms)
				LogAssemblyErrors (0ms)
				InitializePlatformSupportModulesInManaged (8ms)
				SetLoadedEditorAssemblies (0ms)
				RefreshPlugins (1ms)
				BeforeProcessingInitializeOnLoad (118ms)
				ProcessInitializeOnLoadAttributes (204ms)
				ProcessInitializeOnLoadMethodAttributes (5ms)
				AfterProcessingInitializeOnLoad (17ms)
				EditorAssembliesLoaded (0ms)
			ExecutionOrderSort2 (0ms)
			AwakeInstancesAfterBackupRestoration (10ms)
Platform modules already initialized, skipping
Refreshing native plugins compatible for Editor in 0.58 ms, found 3 plugins.
Preloading 0 native plugins for Editor in 0.00 ms.
Unloading 2355 Unused Serialized files (Serialized files now loaded: 0)
System memory in use before: 111.1 MB.
System memory in use after: 111.0 MB.

Unloading 17 unused Assets to reduce memory usage. Loaded Objects now: 2856.
Total: 3.658700 ms (FindLiveObjects: 0.260300 ms CreateObjectMapping: 0.101400 ms MarkObjects: 2.973100 ms  DeleteObjects: 0.322500 ms)

AssetImportParameters requested are different than current active one (requested -> active):
  custom:framework-win-MediaFoundation: 216162199b28c13a410421893ffa2e32 -> 
  custom:video-decoder-ogg-theora: a1e56fd34408186e4bbccfd4996cb3dc -> 
  custom:container-muxer-webm: aa71ff27fc2769a1b78a27578f13a17b -> 
  custom:container-demuxer-webm: 4f35f7cbe854078d1ac9338744f61a02 -> 
  custom:container-demuxer-ogg: 62fdf1f143b41e24485cea50d1cbac27 -> 
  custom:video-encoder-webm-vp8: eb34c28f22e8b96e1ab97ce403110664 -> 
  custom:video-codec-MediaFoundation-h265: 746d11721c4dcdbdad8f713fa42b33f4 -> 
  custom:video-decoder-webm-vp8: 9c59270c3fd7afecdb556c50c9e8de78 -> 
  custom:audio-decoder-ogg-vorbis: bf7c407c2cedff20999df2af8eb42d56 -> 
  custom:audio-encoder-webm-vorbis: bf7c407c2cedff20999df2af8eb42d56 -> 
========================================================================
Received Prepare
Registering precompiled user dll's ...
Registered in 0.006048 seconds.
Begin MonoManager ReloadAssembly
Native extension for WindowsStandalone target not found
Native extension for WebGL target not found
Refreshing native plugins compatible for Editor in 0.58 ms, found 3 plugins.
Preloading 0 native plugins for Editor in 0.00 ms.
Mono: successfully reloaded assembly
- Completed reload, in  1.208 seconds
Domain Reload Profiling:
	ReloadAssembly (1209ms)
		BeginReloadAssembly (162ms)
			ExecutionOrderSort (0ms)
			DisableScriptedObjects (12ms)
			BackupInstance (0ms)
			ReleaseScriptingObjects (0ms)
			CreateAndSetChildDomain (47ms)
		EndReloadAssembly (961ms)
			LoadAssemblies (133ms)
			RebuildTransferFunctionScriptingTraits (0ms)
			SetupTypeCache (338ms)
			ReleaseScriptCaches (1ms)
			RebuildScriptCaches (45ms)
			SetupLoadedEditorAssemblies (344ms)
				LogAssemblyErrors (0ms)
				InitializePlatformSupportModulesInManaged (8ms)
				SetLoadedEditorAssemblies (0ms)
				RefreshPlugins (1ms)
				BeforeProcessingInitializeOnLoad (104ms)
				ProcessInitializeOnLoadAttributes (209ms)
				ProcessInitializeOnLoadMethodAttributes (5ms)
				AfterProcessingInitializeOnLoad (17ms)
				EditorAssembliesLoaded (0ms)
			ExecutionOrderSort2 (0ms)
			AwakeInstancesAfterBackupRestoration (11ms)
Platform modules already initialized, skipping
Refreshing native plugins compatible for Editor in 0.96 ms, found 3 plugins.
Preloading 0 native plugins for Editor in 0.00 ms.
Unloading 2355 Unused Serialized files (Serialized files now loaded: 0)
System memory in use before: 111.3 MB.
System memory in use after: 111.1 MB.

Unloading 17 unused Assets to reduce memory usage. Loaded Objects now: 2859.
Total: 7.140200 ms (FindLiveObjects: 0.529300 ms CreateObjectMapping: 0.219500 ms MarkObjects: 5.856700 ms  DeleteObjects: 0.531900 ms)

AssetImportParameters requested are different than current active one (requested -> active):
  custom:framework-win-MediaFoundation: 216162199b28c13a410421893ffa2e32 -> 
  custom:video-decoder-ogg-theora: a1e56fd34408186e4bbccfd4996cb3dc -> 
  custom:container-muxer-webm: aa71ff27fc2769a1b78a27578f13a17b -> 
  custom:container-demuxer-webm: 4f35f7cbe854078d1ac9338744f61a02 -> 
  custom:container-demuxer-ogg: 62fdf1f143b41e24485cea50d1cbac27 -> 
  custom:video-encoder-webm-vp8: eb34c28f22e8b96e1ab97ce403110664 -> 
  custom:video-codec-MediaFoundation-h265: 746d11721c4dcdbdad8f713fa42b33f4 -> 
  custom:video-decoder-webm-vp8: 9c59270c3fd7afecdb556c50c9e8de78 -> 
  custom:audio-decoder-ogg-vorbis: bf7c407c2cedff20999df2af8eb42d56 -> 
  custom:audio-encoder-webm-vorbis: bf7c407c2cedff20999df2af8eb42d56 -> 
========================================================================
Received Prepare
Registering precompiled user dll's ...
Registered in 0.009585 seconds.
Begin MonoManager ReloadAssembly
Native extension for WindowsStandalone target not found
Native extension for WebGL target not found
Refreshing native plugins compatible for Editor in 0.55 ms, found 3 plugins.
Preloading 0 native plugins for Editor in 0.00 ms.
Mono: successfully reloaded assembly
- Completed reload, in  1.139 seconds
Domain Reload Profiling:
	ReloadAssembly (1140ms)
		BeginReloadAssembly (142ms)
			ExecutionOrderSort (0ms)
			DisableScriptedObjects (7ms)
			BackupInstance (0ms)
			ReleaseScriptingObjects (0ms)
			CreateAndSetChildDomain (38ms)
		EndReloadAssembly (918ms)
			LoadAssemblies (138ms)
			RebuildTransferFunctionScriptingTraits (0ms)
			SetupTypeCache (276ms)
			ReleaseScriptCaches (1ms)
			RebuildScriptCaches (47ms)
			SetupLoadedEditorAssemblies (347ms)
				LogAssemblyErrors (0ms)
				InitializePlatformSupportModulesInManaged (7ms)
				SetLoadedEditorAssemblies (0ms)
				RefreshPlugins (1ms)
				BeforeProcessingInitializeOnLoad (108ms)
				ProcessInitializeOnLoadAttributes (202ms)
				ProcessInitializeOnLoadMethodAttributes (7ms)
				AfterProcessingInitializeOnLoad (21ms)
				EditorAssembliesLoaded (0ms)
			ExecutionOrderSort2 (0ms)
			AwakeInstancesAfterBackupRestoration (14ms)
Platform modules already initialized, skipping
Refreshing native plugins compatible for Editor in 0.51 ms, found 3 plugins.
Preloading 0 native plugins for Editor in 0.00 ms.
Unloading 2355 Unused Serialized files (Serialized files now loaded: 0)
System memory in use before: 111.2 MB.
System memory in use after: 111.1 MB.

Unloading 17 unused Assets to reduce memory usage. Loaded Objects now: 2862.
Total: 3.775200 ms (FindLiveObjects: 0.232400 ms CreateObjectMapping: 0.090300 ms MarkObjects: 3.150500 ms  DeleteObjects: 0.301200 ms)

AssetImportParameters requested are different than current active one (requested -> active):
  custom:framework-win-MediaFoundation: 216162199b28c13a410421893ffa2e32 -> 
  custom:video-decoder-ogg-theora: a1e56fd34408186e4bbccfd4996cb3dc -> 
  custom:container-muxer-webm: aa71ff27fc2769a1b78a27578f13a17b -> 
  custom:container-demuxer-webm: 4f35f7cbe854078d1ac9338744f61a02 -> 
  custom:container-demuxer-ogg: 62fdf1f143b41e24485cea50d1cbac27 -> 
  custom:video-encoder-webm-vp8: eb34c28f22e8b96e1ab97ce403110664 -> 
  custom:video-codec-MediaFoundation-h265: 746d11721c4dcdbdad8f713fa42b33f4 -> 
  custom:video-decoder-webm-vp8: 9c59270c3fd7afecdb556c50c9e8de78 -> 
  custom:audio-decoder-ogg-vorbis: bf7c407c2cedff20999df2af8eb42d56 -> 
  custom:audio-encoder-webm-vorbis: bf7c407c2cedff20999df2af8eb42d56 -> 
========================================================================
Received Prepare
Registering precompiled user dll's ...
Registered in 0.006193 seconds.
Begin MonoManager ReloadAssembly
Native extension for WindowsStandalone target not found
Native extension for WebGL target not found
Refreshing native plugins compatible for Editor in 0.55 ms, found 3 plugins.
Preloading 0 native plugins for Editor in 0.00 ms.
Mono: successfully reloaded assembly
- Completed reload, in  1.158 seconds
Domain Reload Profiling:
	ReloadAssembly (1159ms)
		BeginReloadAssembly (138ms)
			ExecutionOrderSort (0ms)
			DisableScriptedObjects (6ms)
			BackupInstance (0ms)
			ReleaseScriptingObjects (0ms)
			CreateAndSetChildDomain (32ms)
		EndReloadAssembly (940ms)
			LoadAssemblies (117ms)
			RebuildTransferFunctionScriptingTraits (0ms)
			SetupTypeCache (294ms)
			ReleaseScriptCaches (2ms)
			RebuildScriptCaches (54ms)
			SetupLoadedEditorAssemblies (363ms)
				LogAssemblyErrors (0ms)
				InitializePlatformSupportModulesInManaged (10ms)
				SetLoadedEditorAssemblies (1ms)
				RefreshPlugins (1ms)
				BeforeProcessingInitializeOnLoad (122ms)
				ProcessInitializeOnLoadAttributes (208ms)
				ProcessInitializeOnLoadMethodAttributes (5ms)
				AfterProcessingInitializeOnLoad (17ms)
				EditorAssembliesLoaded (0ms)
			ExecutionOrderSort2 (0ms)
			AwakeInstancesAfterBackupRestoration (10ms)
Platform modules already initialized, skipping
Refreshing native plugins compatible for Editor in 0.98 ms, found 3 plugins.
Preloading 0 native plugins for Editor in 0.00 ms.
Unloading 2355 Unused Serialized files (Serialized files now loaded: 0)
System memory in use before: 111.2 MB.
System memory in use after: 111.1 MB.

Unloading 17 unused Assets to reduce memory usage. Loaded Objects now: 2865.
Total: 3.762900 ms (FindLiveObjects: 0.256500 ms CreateObjectMapping: 0.126900 ms MarkObjects: 3.040400 ms  DeleteObjects: 0.338000 ms)

AssetImportParameters requested are different than current active one (requested -> active):
  custom:framework-win-MediaFoundation: 216162199b28c13a410421893ffa2e32 -> 
  custom:video-decoder-ogg-theora: a1e56fd34408186e4bbccfd4996cb3dc -> 
  custom:container-muxer-webm: aa71ff27fc2769a1b78a27578f13a17b -> 
  custom:container-demuxer-webm: 4f35f7cbe854078d1ac9338744f61a02 -> 
  custom:container-demuxer-ogg: 62fdf1f143b41e24485cea50d1cbac27 -> 
  custom:video-encoder-webm-vp8: eb34c28f22e8b96e1ab97ce403110664 -> 
  custom:video-codec-MediaFoundation-h265: 746d11721c4dcdbdad8f713fa42b33f4 -> 
  custom:video-decoder-webm-vp8: 9c59270c3fd7afecdb556c50c9e8de78 -> 
  custom:audio-decoder-ogg-vorbis: bf7c407c2cedff20999df2af8eb42d56 -> 
  custom:audio-encoder-webm-vorbis: bf7c407c2cedff20999df2af8eb42d56 -> 
========================================================================
Received Prepare
Registering precompiled user dll's ...
Registered in 0.007713 seconds.
Begin MonoManager ReloadAssembly
Native extension for WindowsStandalone target not found
Native extension for WebGL target not found
Refreshing native plugins compatible for Editor in 0.53 ms, found 3 plugins.
Preloading 0 native plugins for Editor in 0.00 ms.
Mono: successfully reloaded assembly
- Completed reload, in  1.692 seconds
Domain Reload Profiling:
	ReloadAssembly (1693ms)
		BeginReloadAssembly (202ms)
			ExecutionOrderSort (0ms)
			DisableScriptedObjects (13ms)
			BackupInstance (0ms)
			ReleaseScriptingObjects (0ms)
			CreateAndSetChildDomain (43ms)
		EndReloadAssembly (1353ms)
			LoadAssemblies (214ms)
			RebuildTransferFunctionScriptingTraits (0ms)
			SetupTypeCache (419ms)
			ReleaseScriptCaches (1ms)
			RebuildScriptCaches (52ms)
			SetupLoadedEditorAssemblies (525ms)
				LogAssemblyErrors (0ms)
				InitializePlatformSupportModulesInManaged (10ms)
				SetLoadedEditorAssemblies (0ms)
				RefreshPlugins (1ms)
				BeforeProcessingInitializeOnLoad (160ms)
				ProcessInitializeOnLoadAttributes (321ms)
				ProcessInitializeOnLoadMethodAttributes (6ms)
				AfterProcessingInitializeOnLoad (25ms)
				EditorAssembliesLoaded (0ms)
			ExecutionOrderSort2 (0ms)
			AwakeInstancesAfterBackupRestoration (13ms)
Platform modules already initialized, skipping
Refreshing native plugins compatible for Editor in 0.53 ms, found 3 plugins.
Preloading 0 native plugins for Editor in 0.00 ms.
Unloading 2355 Unused Serialized files (Serialized files now loaded: 0)
System memory in use before: 111.3 MB.
System memory in use after: 111.1 MB.

Unloading 17 unused Assets to reduce memory usage. Loaded Objects now: 2868.
Total: 3.419800 ms (FindLiveObjects: 0.226600 ms CreateObjectMapping: 0.107700 ms MarkObjects: 2.589000 ms  DeleteObjects: 0.495600 ms)

AssetImportParameters requested are different than current active one (requested -> active):
  custom:framework-win-MediaFoundation: 216162199b28c13a410421893ffa2e32 -> 
  custom:video-decoder-ogg-theora: a1e56fd34408186e4bbccfd4996cb3dc -> 
  custom:container-muxer-webm: aa71ff27fc2769a1b78a27578f13a17b -> 
  custom:container-demuxer-webm: 4f35f7cbe854078d1ac9338744f61a02 -> 
  custom:container-demuxer-ogg: 62fdf1f143b41e24485cea50d1cbac27 -> 
  custom:video-encoder-webm-vp8: eb34c28f22e8b96e1ab97ce403110664 -> 
  custom:video-codec-MediaFoundation-h265: 746d11721c4dcdbdad8f713fa42b33f4 -> 
  custom:video-decoder-webm-vp8: 9c59270c3fd7afecdb556c50c9e8de78 -> 
  custom:audio-decoder-ogg-vorbis: bf7c407c2cedff20999df2af8eb42d56 -> 
  custom:audio-encoder-webm-vorbis: bf7c407c2cedff20999df2af8eb42d56 -> 
========================================================================
Received Import Request.
  Time since last request: 646.791491 seconds.
  path: Assets/MyScripts/EnemyBehavior.cs
  artifactKey: Guid(2359f93d727e4964f907ab1390e9514a) Importer(815301076,1909f56bfc062723c751e8b465ee728b)
Start importing Assets/MyScripts/EnemyBehavior.cs using Guid(2359f93d727e4964f907ab1390e9514a) Importer(815301076,1909f56bfc062723c751e8b465ee728b)  -> (artifact id: 'de26a95532e5dccf0d7629db929d7376') in 0.012672 seconds 
  Import took 0.046252 seconds .

========================================================================
Received Prepare
Registering precompiled user dll's ...
Registered in 0.006405 seconds.
Begin MonoManager ReloadAssembly
Native extension for WindowsStandalone target not found
Native extension for WebGL target not found
Refreshing native plugins compatible for Editor in 0.50 ms, found 3 plugins.
Preloading 0 native plugins for Editor in 0.00 ms.
Mono: successfully reloaded assembly
- Completed reload, in  1.153 seconds
Domain Reload Profiling:
	ReloadAssembly (1154ms)
		BeginReloadAssembly (149ms)
			ExecutionOrderSort (0ms)
			DisableScriptedObjects (6ms)
			BackupInstance (0ms)
			ReleaseScriptingObjects (0ms)
			CreateAndSetChildDomain (41ms)
		EndReloadAssembly (903ms)
			LoadAssemblies (123ms)
			RebuildTransferFunctionScriptingTraits (0ms)
			SetupTypeCache (282ms)
			ReleaseScriptCaches (1ms)
			RebuildScriptCaches (47ms)
			SetupLoadedEditorAssemblies (334ms)
				LogAssemblyErrors (0ms)
				InitializePlatformSupportModulesInManaged (9ms)
				SetLoadedEditorAssemblies (0ms)
				RefreshPlugins (1ms)
				BeforeProcessingInitializeOnLoad (100ms)
				ProcessInitializeOnLoadAttributes (202ms)
				ProcessInitializeOnLoadMethodAttributes (5ms)
				AfterProcessingInitializeOnLoad (17ms)
				EditorAssembliesLoaded (0ms)
			ExecutionOrderSort2 (0ms)
			AwakeInstancesAfterBackupRestoration (11ms)
Platform modules already initialized, skipping
Refreshing native plugins compatible for Editor in 0.53 ms, found 3 plugins.
Preloading 0 native plugins for Editor in 0.00 ms.
Unloading 2356 Unused Serialized files (Serialized files now loaded: 0)
System memory in use before: 111.2 MB.
System memory in use after: 111.1 MB.

Unloading 17 unused Assets to reduce memory usage. Loaded Objects now: 2872.
Total: 3.888100 ms (FindLiveObjects: 0.237800 ms CreateObjectMapping: 0.113500 ms MarkObjects: 3.219000 ms  DeleteObjects: 0.316800 ms)

AssetImportParameters requested are different than current active one (requested -> active):
  custom:framework-win-MediaFoundation: 216162199b28c13a410421893ffa2e32 -> 
  custom:video-decoder-ogg-theora: a1e56fd34408186e4bbccfd4996cb3dc -> 
  custom:container-muxer-webm: aa71ff27fc2769a1b78a27578f13a17b -> 
  custom:container-demuxer-webm: 4f35f7cbe854078d1ac9338744f61a02 -> 
  custom:container-demuxer-ogg: 62fdf1f143b41e24485cea50d1cbac27 -> 
  custom:video-encoder-webm-vp8: eb34c28f22e8b96e1ab97ce403110664 -> 
  custom:video-codec-MediaFoundation-h265: 746d11721c4dcdbdad8f713fa42b33f4 -> 
  custom:video-decoder-webm-vp8: 9c59270c3fd7afecdb556c50c9e8de78 -> 
  custom:audio-decoder-ogg-vorbis: bf7c407c2cedff20999df2af8eb42d56 -> 
  custom:audio-encoder-webm-vorbis: bf7c407c2cedff20999df2af8eb42d56 -> 
========================================================================
Received Import Request.
  Time since last request: 54.426274 seconds.
  path: Assets/MyPrefabs/Enemies_and_Obstacles/Enemy.prefab
  artifactKey: Guid(40a001c43f4b6914d8861fbd07596559) Importer(815301076,1909f56bfc062723c751e8b465ee728b)
Start importing Assets/MyPrefabs/Enemies_and_Obstacles/Enemy.prefab using Guid(40a001c43f4b6914d8861fbd07596559) Importer(815301076,1909f56bfc062723c751e8b465ee728b)  -> (artifact id: '5657e3e3a534699004b161c440d47018') in 0.064071 seconds 
  Import took 0.118068 seconds .

========================================================================
Received Import Request.
  Time since last request: 82.953608 seconds.
  path: Assets/MyPrefabs/Enemies_and_Obstacles/Enemy.prefab
  artifactKey: Guid(40a001c43f4b6914d8861fbd07596559) Importer(815301076,1909f56bfc062723c751e8b465ee728b)
Start importing Assets/MyPrefabs/Enemies_and_Obstacles/Enemy.prefab using Guid(40a001c43f4b6914d8861fbd07596559) Importer(815301076,1909f56bfc062723c751e8b465ee728b)  -> (artifact id: '7e80d83635477b114274fc60e7876050') in 0.008900 seconds 
  Import took 0.057232 seconds .

========================================================================
Received Import Request.
  Time since last request: 2.664929 seconds.
  path: Assets/MyPrefabs/Enemies_and_Obstacles/Enemy.prefab
  artifactKey: Guid(40a001c43f4b6914d8861fbd07596559) Importer(815301076,1909f56bfc062723c751e8b465ee728b)
Start importing Assets/MyPrefabs/Enemies_and_Obstacles/Enemy.prefab using Guid(40a001c43f4b6914d8861fbd07596559) Importer(815301076,1909f56bfc062723c751e8b465ee728b)  -> (artifact id: 'b78b298eae086edd9cf0a467c4a85da4') in 0.009489 seconds 
  Import took 0.071127 seconds .

========================================================================
Received Import Request.
  Time since last request: 17.518354 seconds.
  path: Assets/MyPrefabs/Enemies_and_Obstacles/Enemy.prefab
  artifactKey: Guid(40a001c43f4b6914d8861fbd07596559) Importer(815301076,1909f56bfc062723c751e8b465ee728b)
Start importing Assets/MyPrefabs/Enemies_and_Obstacles/Enemy.prefab using Guid(40a001c43f4b6914d8861fbd07596559) Importer(815301076,1909f56bfc062723c751e8b465ee728b)  -> (artifact id: '578718d15fd56e1de6fe2d0fdbaec6b5') in 0.009094 seconds 
  Import took 0.072699 seconds .

========================================================================
Received Import Request.
  Time since last request: 45.746358 seconds.
  path: Assets/MyPrefabs/Enemies_and_Obstacles/Enemy.prefab
  artifactKey: Guid(40a001c43f4b6914d8861fbd07596559) Importer(815301076,1909f56bfc062723c751e8b465ee728b)
Start importing Assets/MyPrefabs/Enemies_and_Obstacles/Enemy.prefab using Guid(40a001c43f4b6914d8861fbd07596559) Importer(815301076,1909f56bfc062723c751e8b465ee728b)  -> (artifact id: 'f54165ba532ef3e57b971bc4a8286b02') in 0.010635 seconds 
  Import took 0.055710 seconds .

========================================================================
Received Import Request.
  Time since last request: 3.608793 seconds.
  path: Assets/MyPrefabs/Enemies_and_Obstacles/Enemy.prefab
  artifactKey: Guid(40a001c43f4b6914d8861fbd07596559) Importer(815301076,1909f56bfc062723c751e8b465ee728b)
Start importing Assets/MyPrefabs/Enemies_and_Obstacles/Enemy.prefab using Guid(40a001c43f4b6914d8861fbd07596559) Importer(815301076,1909f56bfc062723c751e8b465ee728b)  -> (artifact id: '54ad2dd9899210c52f1957527bb929f2') in 0.069639 seconds 
  Import took 0.095220 seconds .

========================================================================
Received Import Request.
  Time since last request: 1.286777 seconds.
  path: Assets/MyPrefabs/Enemies_and_Obstacles/Enemy.prefab
  artifactKey: Guid(40a001c43f4b6914d8861fbd07596559) Importer(815301076,1909f56bfc062723c751e8b465ee728b)
Start importing Assets/MyPrefabs/Enemies_and_Obstacles/Enemy.prefab using Guid(40a001c43f4b6914d8861fbd07596559) Importer(815301076,1909f56bfc062723c751e8b465ee728b)  -> (artifact id: 'a35d6ac92c3cc9f0099c507572e881e1') in 0.023174 seconds 
  Import took 0.069009 seconds .

========================================================================
Received Import Request.
  Time since last request: 0.797006 seconds.
  path: Assets/MyPrefabs/Enemies_and_Obstacles/Enemy.prefab
  artifactKey: Guid(40a001c43f4b6914d8861fbd07596559) Importer(815301076,1909f56bfc062723c751e8b465ee728b)
Start importing Assets/MyPrefabs/Enemies_and_Obstacles/Enemy.prefab using Guid(40a001c43f4b6914d8861fbd07596559) Importer(815301076,1909f56bfc062723c751e8b465ee728b)  -> (artifact id: '9d71fa5dc3e989b91b9d80eec6d7a019') in 0.023108 seconds 
  Import took 0.027315 seconds .

========================================================================
Received Import Request.
  Time since last request: 0.969592 seconds.
  path: Assets/MyPrefabs/Enemies_and_Obstacles/Enemy.prefab
  artifactKey: Guid(40a001c43f4b6914d8861fbd07596559) Importer(815301076,1909f56bfc062723c751e8b465ee728b)
Start importing Assets/MyPrefabs/Enemies_and_Obstacles/Enemy.prefab using Guid(40a001c43f4b6914d8861fbd07596559) Importer(815301076,1909f56bfc062723c751e8b465ee728b)  -> (artifact id: 'e3e7d43ecc54b0bbcd81b7115c0d9a59') in 0.020884 seconds 
  Import took 0.063852 seconds .

========================================================================
Received Import Request.
  Time since last request: 0.782759 seconds.
  path: Assets/MyPrefabs/Enemies_and_Obstacles/Enemy.prefab
  artifactKey: Guid(40a001c43f4b6914d8861fbd07596559) Importer(815301076,1909f56bfc062723c751e8b465ee728b)
Start importing Assets/MyPrefabs/Enemies_and_Obstacles/Enemy.prefab using Guid(40a001c43f4b6914d8861fbd07596559) Importer(815301076,1909f56bfc062723c751e8b465ee728b)  -> (artifact id: '41b695c557c2662092e444314fbd1ad6') in 0.032022 seconds 
  Import took 0.118066 seconds .

========================================================================
Received Import Request.
  Time since last request: 0.908091 seconds.
  path: Assets/MyPrefabs/Enemies_and_Obstacles/Enemy.prefab
  artifactKey: Guid(40a001c43f4b6914d8861fbd07596559) Importer(815301076,1909f56bfc062723c751e8b465ee728b)
Start importing Assets/MyPrefabs/Enemies_and_Obstacles/Enemy.prefab using Guid(40a001c43f4b6914d8861fbd07596559) Importer(815301076,1909f56bfc062723c751e8b465ee728b)  -> (artifact id: '77634327cf7ad4c33465cb3f6102aeaa') in 0.094808 seconds 
  Import took 0.138700 seconds .

========================================================================
Received Import Request.
  Time since last request: 0.284813 seconds.
  path: Assets/MyPrefabs/Enemies_and_Obstacles/Enemy.prefab
  artifactKey: Guid(40a001c43f4b6914d8861fbd07596559) Importer(815301076,1909f56bfc062723c751e8b465ee728b)
Start importing Assets/MyPrefabs/Enemies_and_Obstacles/Enemy.prefab using Guid(40a001c43f4b6914d8861fbd07596559) Importer(815301076,1909f56bfc062723c751e8b465ee728b)  -> (artifact id: '973bd1821965c611d0dc8b2df492f846') in 0.044500 seconds 
  Import took 0.048487 seconds .

========================================================================
Received Import Request.
  Time since last request: 8.870971 seconds.
  path: Assets/MyPrefabs/Enemies_and_Obstacles/Enemy.prefab
  artifactKey: Guid(40a001c43f4b6914d8861fbd07596559) Importer(815301076,1909f56bfc062723c751e8b465ee728b)
Start importing Assets/MyPrefabs/Enemies_and_Obstacles/Enemy.prefab using Guid(40a001c43f4b6914d8861fbd07596559) Importer(815301076,1909f56bfc062723c751e8b465ee728b)  -> (artifact id: 'b7b246c973761ef78ada0a496e1ecfc5') in 0.019856 seconds 
  Import took 0.026498 seconds .

========================================================================
Received Import Request.
  Time since last request: 3.111366 seconds.
  path: Assets/MyPrefabs/Enemies_and_Obstacles/Enemy.prefab
  artifactKey: Guid(40a001c43f4b6914d8861fbd07596559) Importer(815301076,1909f56bfc062723c751e8b465ee728b)
Start importing Assets/MyPrefabs/Enemies_and_Obstacles/Enemy.prefab using Guid(40a001c43f4b6914d8861fbd07596559) Importer(815301076,1909f56bfc062723c751e8b465ee728b)  -> (artifact id: 'bcebef90597ea228df2f9285f23f923e') in 0.018704 seconds 
  Import took 0.245332 seconds .

========================================================================
Received Import Request.
  Time since last request: 10.308325 seconds.
  path: Assets/MyPrefabs/Enemies_and_Obstacles/Enemy.prefab
  artifactKey: Guid(40a001c43f4b6914d8861fbd07596559) Importer(815301076,1909f56bfc062723c751e8b465ee728b)
Start importing Assets/MyPrefabs/Enemies_and_Obstacles/Enemy.prefab using Guid(40a001c43f4b6914d8861fbd07596559) Importer(815301076,1909f56bfc062723c751e8b465ee728b)  -> (artifact id: '2878ef758a80a45f75adf8f2bc0b9767') in 0.018696 seconds 
  Import took 0.077699 seconds .

========================================================================
Received Import Request.
  Time since last request: 4.046309 seconds.
  path: ProjectSettings/TagManager.asset
  artifactKey: Guid(00000000000000003000000000000000) Importer(815301076,1909f56bfc062723c751e8b465ee728b)
Start importing ProjectSettings/TagManager.asset using Guid(00000000000000003000000000000000) Importer(815301076,1909f56bfc062723c751e8b465ee728b)  -> (artifact id: '4ecc9384abef94e27e7f3302c47243da') in 0.009722 seconds 
  Import took 0.063892 seconds .

========================================================================
Received Import Request.
  Time since last request: 9.327614 seconds.
  path: Assets/MyPrefabs/Enemies_and_Obstacles/Enemy.prefab
  artifactKey: Guid(40a001c43f4b6914d8861fbd07596559) Importer(815301076,1909f56bfc062723c751e8b465ee728b)
Start importing Assets/MyPrefabs/Enemies_and_Obstacles/Enemy.prefab using Guid(40a001c43f4b6914d8861fbd07596559) Importer(815301076,1909f56bfc062723c751e8b465ee728b)  -> (artifact id: '5e47d09e0e4cb844a358811a8d085102') in 0.018818 seconds 
  Import took 0.093583 seconds .

========================================================================
Received Import Request.
  Time since last request: 6.605219 seconds.
  path: Assets/MyPrefabs/Enemies_and_Obstacles/Enemy.prefab
  artifactKey: Guid(40a001c43f4b6914d8861fbd07596559) Importer(815301076,1909f56bfc062723c751e8b465ee728b)
Start importing Assets/MyPrefabs/Enemies_and_Obstacles/Enemy.prefab using Guid(40a001c43f4b6914d8861fbd07596559) Importer(815301076,1909f56bfc062723c751e8b465ee728b)  -> (artifact id: '599e2740233e411b9b3bd8b3ec0dd9c0') in 0.020874 seconds 
  Import took 0.101423 seconds .

========================================================================
Received Import Request.
  Time since last request: 13.157904 seconds.
  path: Assets/MyPrefabs/Enemies_and_Obstacles/Enemy.prefab
  artifactKey: Guid(40a001c43f4b6914d8861fbd07596559) Importer(815301076,1909f56bfc062723c751e8b465ee728b)
Start importing Assets/MyPrefabs/Enemies_and_Obstacles/Enemy.prefab using Guid(40a001c43f4b6914d8861fbd07596559) Importer(815301076,1909f56bfc062723c751e8b465ee728b)  -> (artifact id: '3a1d1f29a7c0dd0bcfb5092b4e43f9ed') in 0.037841 seconds 
  Import took 0.256157 seconds .

========================================================================
Received Import Request.
  Time since last request: 1.680161 seconds.
  path: Assets/MyPrefabs/Enemies_and_Obstacles/Enemy.prefab
  artifactKey: Guid(40a001c43f4b6914d8861fbd07596559) Importer(815301076,1909f56bfc062723c751e8b465ee728b)
Start importing Assets/MyPrefabs/Enemies_and_Obstacles/Enemy.prefab using Guid(40a001c43f4b6914d8861fbd07596559) Importer(815301076,1909f56bfc062723c751e8b465ee728b)  -> (artifact id: '695751ed8b54398571fda7c8d7ce1b23') in 0.016892 seconds 
  Import took 0.104449 seconds .

========================================================================
Received Import Request.
  Time since last request: 1.826675 seconds.
  path: Assets/MyPrefabs/Enemies_and_Obstacles/Enemy.prefab
  artifactKey: Guid(40a001c43f4b6914d8861fbd07596559) Importer(815301076,1909f56bfc062723c751e8b465ee728b)
Start importing Assets/MyPrefabs/Enemies_and_Obstacles/Enemy.prefab using Guid(40a001c43f4b6914d8861fbd07596559) Importer(815301076,1909f56bfc062723c751e8b465ee728b)  -> (artifact id: 'c04335d9201d644a26bac76a4306fb93') in 0.017591 seconds 
  Import took 0.088079 seconds .

========================================================================
Received Import Request.
  Time since last request: 5.958698 seconds.
  path: Assets/MyPrefabs/Enemies_and_Obstacles/Enemy.prefab
  artifactKey: Guid(40a001c43f4b6914d8861fbd07596559) Importer(815301076,1909f56bfc062723c751e8b465ee728b)
Start importing Assets/MyPrefabs/Enemies_and_Obstacles/Enemy.prefab using Guid(40a001c43f4b6914d8861fbd07596559) Importer(815301076,1909f56bfc062723c751e8b465ee728b)  -> (artifact id: '3d3d6d13ddad9193cf43929b6304436a') in 0.017370 seconds 
  Import took 0.074240 seconds .

========================================================================
Received Import Request.
  Time since last request: 6.355218 seconds.
  path: Assets/MyPrefabs/Enemies_and_Obstacles/Enemy.prefab
  artifactKey: Guid(40a001c43f4b6914d8861fbd07596559) Importer(815301076,1909f56bfc062723c751e8b465ee728b)
Start importing Assets/MyPrefabs/Enemies_and_Obstacles/Enemy.prefab using Guid(40a001c43f4b6914d8861fbd07596559) Importer(815301076,1909f56bfc062723c751e8b465ee728b)  -> (artifact id: '5ef417c8964d3a2845420a6931939165') in 0.133665 seconds 
  Import took 0.178601 seconds .

========================================================================
Received Import Request.
  Time since last request: 12.115107 seconds.
  path: Assets/MyPrefabs/Enemies_and_Obstacles/Enemy.prefab
  artifactKey: Guid(40a001c43f4b6914d8861fbd07596559) Importer(815301076,1909f56bfc062723c751e8b465ee728b)
Start importing Assets/MyPrefabs/Enemies_and_Obstacles/Enemy.prefab using Guid(40a001c43f4b6914d8861fbd07596559) Importer(815301076,1909f56bfc062723c751e8b465ee728b)  -> (artifact id: '5c766959ddb820e356c4a75219bbf211') in 0.022487 seconds 
  Import took 0.079513 seconds .

========================================================================
Received Import Request.
  Time since last request: 4.575527 seconds.
  path: Assets/MyPrefabs/Enemies_and_Obstacles/Enemy.prefab
  artifactKey: Guid(40a001c43f4b6914d8861fbd07596559) Importer(815301076,1909f56bfc062723c751e8b465ee728b)
Start importing Assets/MyPrefabs/Enemies_and_Obstacles/Enemy.prefab using Guid(40a001c43f4b6914d8861fbd07596559) Importer(815301076,1909f56bfc062723c751e8b465ee728b)  -> (artifact id: '387bbddec56b4db82c31ee5ef7113e65') in 0.020945 seconds 
  Import took 0.077511 seconds .

========================================================================
Received Import Request.
  Time since last request: 4.570528 seconds.
  path: Assets/MyPrefabs/Enemies_and_Obstacles/Enemy.prefab
  artifactKey: Guid(40a001c43f4b6914d8861fbd07596559) Importer(815301076,1909f56bfc062723c751e8b465ee728b)
Start importing Assets/MyPrefabs/Enemies_and_Obstacles/Enemy.prefab using Guid(40a001c43f4b6914d8861fbd07596559) Importer(815301076,1909f56bfc062723c751e8b465ee728b)  -> (artifact id: 'c4682542ab9d47a2992530cafe417f0a') in 0.020285 seconds 
  Import took 0.086566 seconds .

========================================================================
Received Import Request.
  Time since last request: 26.153754 seconds.
  path: Assets/MyPrefabs/Enemies_and_Obstacles/Enemy.prefab
  artifactKey: Guid(40a001c43f4b6914d8861fbd07596559) Importer(815301076,1909f56bfc062723c751e8b465ee728b)
Start importing Assets/MyPrefabs/Enemies_and_Obstacles/Enemy.prefab using Guid(40a001c43f4b6914d8861fbd07596559) Importer(815301076,1909f56bfc062723c751e8b465ee728b)  -> (artifact id: '15ddc57811ff8ea623b30f89abae052b') in 0.036859 seconds 
  Import took 0.079867 seconds .

